
Building matrix of TAX4 Transformations
Reading Ideal PMT file ./IdealPMT.txt

Found s0_m25_t1_p1.csv
row = 0
site number = 0
mirror number = 25
trial number = 1
Reading measurement file ./Mirror_Survey_Photos/Active/m25_trial_1/s0_m25_t1_p1.csv
scale = 0.999
cluster center = (673.527,447.243)
theta = -0.00075
x0 = 19.56428
y0 = 8.83525
Smin = 550.82331


Found s0_m26_t1_p1.csv
row = 1
site number = 0
mirror number = 26
trial number = 1
Reading measurement file ./Mirror_Survey_Photos/Active/m26_trial_1/s0_m26_t1_p1.csv
scale = 1.000
cluster center = (665.705,448.791)
theta = -0.01545
x0 = 19.60396
y0 = 8.59311
Smin = 557.25200


Found s0_m26_t1_p2.csv
row = 2
site number = 0
mirror number = 26
trial number = 1
Reading measurement file ./Mirror_Survey_Photos/Active/m26_trial_1_PMT2/s0_m26_t1_p2.csv
scale = 1.001
cluster center = (668.625,448.476)
theta = -0.01220
x0 = 19.58061
y0 = 8.66013
Smin = 554.22235


Found s0_m27_t1_p1.csv
row = 3
site number = 0
mirror number = 27
trial number = 1
Reading measurement file ./Mirror_Survey_Photos/Active/m27_trial_1/s0_m27_t1_p1.csv
scale = 1.004
cluster center = (664.627,437.737)
theta = -0.00377
x0 = 19.45651
y0 = 8.70174
Smin = 534.47629


Found s0_m27_t1_p1.csv
row = 4
site number = 0
mirror number = 27
trial number = 1
Reading measurement file ./Mirror_Survey_Photos/Active/m27_trial_1_PMT2/s0_m27_t1_p1.csv
scale = 1.004
cluster center = (664.627,437.737)
theta = -0.00377
x0 = 19.45651
y0 = 8.70174
Smin = 534.47629


Found s0_m27_t1_p1.csv
row = 5
site number = 0
mirror number = 27
trial number = 1
Reading measurement file ./Mirror_Survey_Photos/Active/m27_trial_2/s0_m27_t1_p1.csv
scale = 1.004
cluster center = (664.627,437.737)
theta = -0.00377
x0 = 19.45651
y0 = 8.70174
Smin = 534.47629


Found s0_m27_t1_p1.csv
row = 6
site number = 0
mirror number = 27
trial number = 1
Reading measurement file ./Mirror_Survey_Photos/Active/m27_trial_2_PMT2/s0_m27_t1_p1.csv
scale = 1.004
cluster center = (664.627,437.737)
theta = -0.00377
x0 = 19.45651
y0 = 8.70174
Smin = 534.47629


Found s0_m28_t2_p1.csv
row = 7
site number = 0
mirror number = 28
trial number = 2
Reading measurement file ./Mirror_Survey_Photos/Active/m28_trial_3/s0_m28_t2_p1.csv
scale = 1.002
cluster center = (671.377,451.635)
theta = -0.00634
x0 = 19.56740
y0 = 8.78316
Smin = 563.23731


Found s0_m28_t2_p2.csv
row = 8
site number = 0
mirror number = 28
trial number = 2
Reading measurement file ./Mirror_Survey_Photos/Active/m28_trial_3_PMT2/s0_m28_t2_p2.csv
scale = 1.002
cluster center = (673.882,451.598)
theta = -0.00281
x0 = 19.51810
y0 = 8.85046
Smin = 560.70434

Extracted image metadata from ./Mirror_Survey_Photos/Active/m25_trial_1/img_0052.jpg

TAX4 Mirror 25 Found
Reading measurement file ./Mirror_Survey_Photos/Active/m25_trial_1/img_0052.jaz.csv

Found s0_m25_t1_p1.csv
Site Number 0 Found
Mirror Number 25 Found
Trial 1 Found
Using row 0 of the PMT transformation matrix
Using computed cluster center for TAX4 Mirror 25
center used = (673.527,447.243)
Setting transformation parameters to those in the matrix

Converted time to UTC


Looking for stars: ./ta_stars 0 25 2018 9 21 8 45 1.000000 19.10 840.00 | sort -k 6 -g
Extracted image metadata from ./Mirror_Survey_Photos/Active/m25_trial_1/img_0053.jpg

TAX4 Mirror 25 Found
Reading measurement file ./Mirror_Survey_Photos/Active/m25_trial_1/img_0053.jaz.csv

Found s0_m25_t1_p1.csv
Site Number 0 Found
Mirror Number 25 Found
Trial 1 Found
Using row 0 of the PMT transformation matrix
Using computed cluster center for TAX4 Mirror 25
center used = (673.527,447.243)
Setting transformation parameters to those in the matrix

star[1] = 25 2018/09/21 02:46:19 30 7.0426 -0.3693
star[2] = 25 2018/09/21 02:46:19 30 11.1342 7.7723
star[3] = 25 2018/09/21 02:46:19 30 -4.2430 11.9644
Converted time to UTC


Looking for stars: ./ta_stars 0 25 2018 9 21 8 46 33.999980 19.10 840.00 | sort -k 6 -g
star[1].istar = 2
star[2].istar = 1
star[3].istar = 3
Extracted image metadata from ./Mirror_Survey_Photos/Active/m25_trial_1/img_0054.jpg

TAX4 Mirror 25 Found
Reading measurement file ./Mirror_Survey_Photos/Active/m25_trial_1/img_0054.jaz.csv

Found s0_m25_t1_p1.csv
Site Number 0 Found
Mirror Number 25 Found
Trial 1 Found
Using row 0 of the PMT transformation matrix
Using computed cluster center for TAX4 Mirror 25
center used = (673.527,447.243)
Setting transformation parameters to those in the matrix

star[1] = 25 2018/09/21 02:48:19 30 6.5621 -0.1763
star[2] = 25 2018/09/21 02:48:19 30 10.7334 7.9508
star[3] = 25 2018/09/21 02:48:19 30 -4.5943 12.1358
Converted time to UTC


Looking for stars: ./ta_stars 0 25 2018 9 21 8 48 34.000010 19.10 840.00 | sort -k 6 -g
star[1].istar = 2
star[2].istar = 1
star[3].istar = 3
Extracted image metadata from ./Mirror_Survey_Photos/Active/m25_trial_1/img_0055.jpg

TAX4 Mirror 25 Found
Reading measurement file ./Mirror_Survey_Photos/Active/m25_trial_1/img_0055.jaz.csv

Found s0_m25_t1_p1.csv
Site Number 0 Found
Mirror Number 25 Found
Trial 1 Found
Using row 0 of the PMT transformation matrix
Using computed cluster center for TAX4 Mirror 25
center used = (673.527,447.243)
Setting transformation parameters to those in the matrix

star[1] = 25 2018/09/21 02:50:19 30 6.1486 0.0820
star[2] = 25 2018/09/21 02:50:19 30 10.3908 8.0653
Converted time to UTC


Looking for stars: ./ta_stars 0 25 2018 9 21 8 50 34.000010 19.10 840.00 | sort -k 6 -g
star[1].istar = 2
star[2].istar = 1
Extracted image metadata from ./Mirror_Survey_Photos/Active/m25_trial_1/img_0056.jpg

TAX4 Mirror 25 Found
Reading measurement file ./Mirror_Survey_Photos/Active/m25_trial_1/img_0056.jaz.csv

Found s0_m25_t1_p1.csv
Site Number 0 Found
Mirror Number 25 Found
Trial 1 Found
Using row 0 of the PMT transformation matrix
Using computed cluster center for TAX4 Mirror 25
center used = (673.527,447.243)
Setting transformation parameters to those in the matrix

star[1] = 25 2018/09/21 02:52:19 30 5.7184 0.2235
star[2] = 25 2018/09/21 02:52:19 30 10.0558 8.3228
Converted time to UTC


Looking for stars: ./ta_stars 0 25 2018 9 21 8 52 34.000000 19.10 840.00 | sort -k 6 -g
star[1].istar = 2
star[2].istar = 1
Extracted image metadata from ./Mirror_Survey_Photos/Active/m25_trial_1/img_0057.jpg

TAX4 Mirror 25 Found
Reading measurement file ./Mirror_Survey_Photos/Active/m25_trial_1/img_0057.jaz.csv

Found s0_m25_t1_p1.csv
Site Number 0 Found
Mirror Number 25 Found
Trial 1 Found
Using row 0 of the PMT transformation matrix
Using computed cluster center for TAX4 Mirror 25
center used = (673.527,447.243)
Setting transformation parameters to those in the matrix

star[1] = 25 2018/09/21 02:54:19 30 9.6836 8.4984
star[2] = 25 2018/09/21 02:54:19 30 5.3061 0.4583
Converted time to UTC


Looking for stars: ./ta_stars 0 25 2018 9 21 8 54 33.999990 19.10 840.00 | sort -k 6 -g
star[1].istar = 1
star[2].istar = 2
Extracted image metadata from ./Mirror_Survey_Photos/Active/m25_trial_1/img_0058.jpg

TAX4 Mirror 25 Found
Reading measurement file ./Mirror_Survey_Photos/Active/m25_trial_1/img_0058.jaz.csv

Found s0_m25_t1_p1.csv
Site Number 0 Found
Mirror Number 25 Found
Trial 1 Found
Using row 0 of the PMT transformation matrix
Using computed cluster center for TAX4 Mirror 25
center used = (673.527,447.243)
Setting transformation parameters to those in the matrix

star[1] = 25 2018/09/21 02:56:19 30 4.8928 0.6493
star[2] = 25 2018/09/21 02:56:19 30 9.3465 8.6291
Converted time to UTC


Looking for stars: ./ta_stars 0 25 2018 9 21 8 56 33.999990 19.10 840.00 | sort -k 6 -g
star[1].istar = 2
star[2].istar = 1
Extracted image metadata from ./Mirror_Survey_Photos/Active/m25_trial_1/img_0059.jpg

TAX4 Mirror 25 Found
Reading measurement file ./Mirror_Survey_Photos/Active/m25_trial_1/img_0059.jaz.csv

Found s0_m25_t1_p1.csv
Site Number 0 Found
Mirror Number 25 Found
Trial 1 Found
Using row 0 of the PMT transformation matrix
Using computed cluster center for TAX4 Mirror 25
center used = (673.527,447.243)
Setting transformation parameters to those in the matrix

star[1] = 25 2018/09/21 02:58:20 30 4.4654 0.8524
star[2] = 25 2018/09/21 02:58:20 30 8.9796 8.8209
Converted time to UTC


Looking for stars: ./ta_stars 0 25 2018 9 21 8 58 35.000010 19.10 840.00 | sort -k 6 -g
star[1].istar = 2
star[2].istar = 1
Extracted image metadata from ./Mirror_Survey_Photos/Active/m25_trial_1/img_0060.jpg

TAX4 Mirror 25 Found
Reading measurement file ./Mirror_Survey_Photos/Active/m25_trial_1/img_0060.jaz.csv

Found s0_m25_t1_p1.csv
Site Number 0 Found
Mirror Number 25 Found
Trial 1 Found
Using row 0 of the PMT transformation matrix
Using computed cluster center for TAX4 Mirror 25
center used = (673.527,447.243)
Setting transformation parameters to those in the matrix

star[1] = 25 2018/09/21 03:00:20 30 4.0578 1.1105
star[2] = 25 2018/09/21 03:00:20 30 8.5907 9.0054
Converted time to UTC


Looking for stars: ./ta_stars 0 25 2018 9 21 9 0 35.000010 19.10 840.00 | sort -k 6 -g
star[1].istar = 2
star[2].istar = 1
Extracted image metadata from ./Mirror_Survey_Photos/Active/m25_trial_1/img_0061.jpg

TAX4 Mirror 25 Found
Reading measurement file ./Mirror_Survey_Photos/Active/m25_trial_1/img_0061.jaz.csv

Found s0_m25_t1_p1.csv
Site Number 0 Found
Mirror Number 25 Found
Trial 1 Found
Using row 0 of the PMT transformation matrix
Using computed cluster center for TAX4 Mirror 25
center used = (673.527,447.243)
Setting transformation parameters to those in the matrix

star[1] = 25 2018/09/21 03:02:20 30 3.6041 1.3845
star[2] = 25 2018/09/21 03:02:20 30 8.2409 9.2038
Converted time to UTC


Looking for stars: ./ta_stars 0 25 2018 9 21 9 2 35.000000 19.10 840.00 | sort -k 6 -g
star[1].istar = 2
star[2].istar = 1
Extracted image metadata from ./Mirror_Survey_Photos/Active/m25_trial_1/img_0062.jpg

TAX4 Mirror 25 Found
Reading measurement file ./Mirror_Survey_Photos/Active/m25_trial_1/img_0062.jaz.csv

Found s0_m25_t1_p1.csv
Site Number 0 Found
Mirror Number 25 Found
Trial 1 Found
Using row 0 of the PMT transformation matrix
Using computed cluster center for TAX4 Mirror 25
center used = (673.527,447.243)
Setting transformation parameters to those in the matrix

star[1] = 25 2018/09/21 03:04:20 30 3.1829 1.5457
star[2] = 25 2018/09/21 03:04:20 30 7.9058 9.4161
star[3] = 25 2018/09/21 03:04:20 30 13.2197 -7.6161
Converted time to UTC


Looking for stars: ./ta_stars 0 25 2018 9 21 9 4 34.999990 19.10 840.00 | sort -k 6 -g
star[1].istar = 2
star[2].istar = 1
star[3].istar = 3
Extracted image metadata from ./Mirror_Survey_Photos/Active/m25_trial_1/img_0063.jpg

TAX4 Mirror 25 Found
Reading measurement file ./Mirror_Survey_Photos/Active/m25_trial_1/img_0063.jaz.csv

Found s0_m25_t1_p1.csv
Site Number 0 Found
Mirror Number 25 Found
Trial 1 Found
Using row 0 of the PMT transformation matrix
Using computed cluster center for TAX4 Mirror 25
center used = (673.527,447.243)
Setting transformation parameters to those in the matrix

star[1] = 25 2018/09/21 03:06:20 30 2.7809 1.7702
star[2] = 25 2018/09/21 03:06:20 30 7.5332 9.5683
star[3] = 25 2018/09/21 03:06:20 30 12.7119 -7.4824
Converted time to UTC


Looking for stars: ./ta_stars 0 25 2018 9 21 9 6 34.999980 19.10 840.00 | sort -k 6 -g
star[1].istar = 2
star[2].istar = 1
star[3].istar = 3
Extracted image metadata from ./Mirror_Survey_Photos/Active/m25_trial_1/img_0064.jpg

TAX4 Mirror 25 Found
Reading measurement file ./Mirror_Survey_Photos/Active/m25_trial_1/img_0064.jaz.csv

Found s0_m25_t1_p1.csv
Site Number 0 Found
Mirror Number 25 Found
Trial 1 Found
Using row 0 of the PMT transformation matrix
Using computed cluster center for TAX4 Mirror 25
center used = (673.527,447.243)
Setting transformation parameters to those in the matrix

star[1] = 25 2018/09/21 03:08:20 30 2.3604 2.0247
star[2] = 25 2018/09/21 03:08:20 30 7.1787 9.7864
star[3] = 25 2018/09/21 03:08:20 30 12.2016 -7.2999
Converted time to UTC


Looking for stars: ./ta_stars 0 25 2018 9 21 9 8 34.999980 19.10 840.00 | sort -k 6 -g
star[1].istar = 2
star[2].istar = 1
star[3].istar = 3
Extracted image metadata from ./Mirror_Survey_Photos/Active/m25_trial_1/img_0065.jpg

TAX4 Mirror 25 Found
Reading measurement file ./Mirror_Survey_Photos/Active/m25_trial_1/img_0065.jaz.csv

Found s0_m25_t1_p1.csv
Site Number 0 Found
Mirror Number 25 Found
Trial 1 Found
Using row 0 of the PMT transformation matrix
Using computed cluster center for TAX4 Mirror 25
center used = (673.527,447.243)
Setting transformation parameters to those in the matrix

star[1] = 25 2018/09/21 03:10:20 30 1.9355 2.2488
star[2] = 25 2018/09/21 03:10:20 30 6.8059 9.9496
star[3] = 25 2018/09/21 03:10:20 30 11.6106 -7.1135
Converted time to UTC


Looking for stars: ./ta_stars 0 25 2018 9 21 9 10 35.000010 19.10 840.00 | sort -k 6 -g
star[1].istar = 2
star[2].istar = 1
star[3].istar = 3
Extracted image metadata from ./Mirror_Survey_Photos/Active/m25_trial_1/img_0066.jpg

TAX4 Mirror 25 Found
Reading measurement file ./Mirror_Survey_Photos/Active/m25_trial_1/img_0066.jaz.csv

Found s0_m25_t1_p1.csv
Site Number 0 Found
Mirror Number 25 Found
Trial 1 Found
Using row 0 of the PMT transformation matrix
Using computed cluster center for TAX4 Mirror 25
center used = (673.527,447.243)
Setting transformation parameters to those in the matrix

star[1] = 25 2018/09/21 03:12:20 30 1.5148 2.4667
star[2] = 25 2018/09/21 03:12:20 30 6.4571 10.1884
star[3] = 25 2018/09/21 03:12:20 30 11.2411 -6.9084
Converted time to UTC


Looking for stars: ./ta_stars 0 25 2018 9 21 9 12 35.000000 19.10 840.00 | sort -k 6 -g
star[1].istar = 2
star[2].istar = 1
star[3].istar = 3
Extracted image metadata from ./Mirror_Survey_Photos/Active/m25_trial_1/img_0067.jpg

TAX4 Mirror 25 Found
Reading measurement file ./Mirror_Survey_Photos/Active/m25_trial_1/img_0067.jaz.csv

Found s0_m25_t1_p1.csv
Site Number 0 Found
Mirror Number 25 Found
Trial 1 Found
Using row 0 of the PMT transformation matrix
Using computed cluster center for TAX4 Mirror 25
center used = (673.527,447.243)
Setting transformation parameters to those in the matrix

star[1] = 25 2018/09/21 03:14:20 30 1.0720 2.7107
star[2] = 25 2018/09/21 03:14:20 30 6.1009 10.3796
star[3] = 25 2018/09/21 03:14:20 30 10.6176 -6.7533
Converted time to UTC


Looking for stars: ./ta_stars 0 25 2018 9 21 9 14 35.000000 19.10 840.00 | sort -k 6 -g
star[1].istar = 2
star[2].istar = 1
star[3].istar = 3
Extracted image metadata from ./Mirror_Survey_Photos/Active/m25_trial_1/img_0068.jpg

TAX4 Mirror 25 Found
Reading measurement file ./Mirror_Survey_Photos/Active/m25_trial_1/img_0068.jaz.csv

Found s0_m25_t1_p1.csv
Site Number 0 Found
Mirror Number 25 Found
Trial 1 Found
Using row 0 of the PMT transformation matrix
Using computed cluster center for TAX4 Mirror 25
center used = (673.527,447.243)
Setting transformation parameters to those in the matrix

star[1] = 25 2018/09/21 03:16:20 30 0.6961 2.9904
star[2] = 25 2018/09/21 03:16:20 30 5.7577 10.6098
star[3] = 25 2018/09/21 03:16:20 30 10.1928 -6.5174
Converted time to UTC


Looking for stars: ./ta_stars 0 25 2018 9 21 9 16 34.999990 19.10 840.00 | sort -k 6 -g
star[1].istar = 2
star[2].istar = 1
star[3].istar = 3
Extracted image metadata from ./Mirror_Survey_Photos/Active/m25_trial_1/img_0069.jpg

TAX4 Mirror 25 Found
Reading measurement file ./Mirror_Survey_Photos/Active/m25_trial_1/img_0069.jaz.csv

Found s0_m25_t1_p1.csv
Site Number 0 Found
Mirror Number 25 Found
Trial 1 Found
Using row 0 of the PMT transformation matrix
Using computed cluster center for TAX4 Mirror 25
center used = (673.527,447.243)
Setting transformation parameters to those in the matrix

star[1] = 25 2018/09/21 03:18:20 30 0.3263 3.2242
star[2] = 25 2018/09/21 03:18:20 30 5.4202 10.7692
star[3] = 25 2018/09/21 03:18:20 30 9.7467 -6.4315
Converted time to UTC


Looking for stars: ./ta_stars 0 25 2018 9 21 9 18 34.999980 19.10 840.00 | sort -k 6 -g
star[1].istar = 2
star[2].istar = 1
star[3].istar = 3
Extracted image metadata from ./Mirror_Survey_Photos/Active/m25_trial_1/img_0070.jpg

TAX4 Mirror 25 Found
Reading measurement file ./Mirror_Survey_Photos/Active/m25_trial_1/img_0070.jaz.csv

Found s0_m25_t1_p1.csv
Site Number 0 Found
Mirror Number 25 Found
Trial 1 Found
Using row 0 of the PMT transformation matrix
Using computed cluster center for TAX4 Mirror 25
center used = (673.527,447.243)
Setting transformation parameters to those in the matrix

star[1] = 25 2018/09/21 03:20:20 30 -0.1108 3.4408
star[2] = 25 2018/09/21 03:20:20 30 5.0755 11.0112
star[3] = 25 2018/09/21 03:20:20 30 9.2163 -6.1564
Converted time to UTC


Looking for stars: ./ta_stars 0 25 2018 9 21 9 20 35.000020 19.10 840.00 | sort -k 6 -g
star[1].istar = 2
star[2].istar = 1
star[3].istar = 3
Extracted image metadata from ./Mirror_Survey_Photos/Active/m25_trial_1/img_0071.jpg

TAX4 Mirror 25 Found
Reading measurement file ./Mirror_Survey_Photos/Active/m25_trial_1/img_0071.jaz.csv

Found s0_m25_t1_p1.csv
Site Number 0 Found
Mirror Number 25 Found
Trial 1 Found
Using row 0 of the PMT transformation matrix
Using computed cluster center for TAX4 Mirror 25
center used = (673.527,447.243)
Setting transformation parameters to those in the matrix

star[1] = 25 2018/09/21 03:22:21 30 -0.4957 3.7059
star[2] = 25 2018/09/21 03:22:21 30 4.7293 11.2323
star[3] = 25 2018/09/21 03:22:21 30 8.7508 -6.0406
Converted time to UTC


Looking for stars: ./ta_stars 0 25 2018 9 21 9 22 36.000000 19.10 840.00 | sort -k 6 -g
star[1].istar = 2
star[2].istar = 1
star[3].istar = 3
Extracted image metadata from ./Mirror_Survey_Photos/Active/m25_trial_1/img_0072.jpg

TAX4 Mirror 25 Found
Reading measurement file ./Mirror_Survey_Photos/Active/m25_trial_1/img_0072.jaz.csv

Found s0_m25_t1_p1.csv
Site Number 0 Found
Mirror Number 25 Found
Trial 1 Found
Using row 0 of the PMT transformation matrix
Using computed cluster center for TAX4 Mirror 25
center used = (673.527,447.243)
Setting transformation parameters to those in the matrix

star[1] = 25 2018/09/21 03:24:21 30 -0.9241 3.9543
star[2] = 25 2018/09/21 03:24:21 30 4.3810 11.4289
star[3] = 25 2018/09/21 03:24:21 30 8.2486 -5.8054
Converted time to UTC


Looking for stars: ./ta_stars 0 25 2018 9 21 9 24 36.000000 19.10 840.00 | sort -k 6 -g
star[1].istar = 2
star[2].istar = 1
star[3].istar = 3
Extracted image metadata from ./Mirror_Survey_Photos/Active/m25_trial_1/img_0073.jpg

TAX4 Mirror 25 Found
Reading measurement file ./Mirror_Survey_Photos/Active/m25_trial_1/img_0073.jaz.csv

Found s0_m25_t1_p1.csv
Site Number 0 Found
Mirror Number 25 Found
Trial 1 Found
Using row 0 of the PMT transformation matrix
Using computed cluster center for TAX4 Mirror 25
center used = (673.527,447.243)
Setting transformation parameters to those in the matrix

star[1] = 25 2018/09/21 03:26:21 30 -1.3124 4.2178
star[2] = 25 2018/09/21 03:26:21 30 3.9921 11.6073
star[3] = 25 2018/09/21 03:26:21 30 7.8230 -5.6051
Converted time to UTC


Looking for stars: ./ta_stars 0 25 2018 9 21 9 26 35.999990 19.10 840.00 | sort -k 6 -g
star[1].istar = 2
star[2].istar = 1
star[3].istar = 3
Extracted image metadata from ./Mirror_Survey_Photos/Active/m25_trial_1/img_0074.jpg

TAX4 Mirror 25 Found
Reading measurement file ./Mirror_Survey_Photos/Active/m25_trial_1/img_0074.jaz.csv

Found s0_m25_t1_p1.csv
Site Number 0 Found
Mirror Number 25 Found
Trial 1 Found
Using row 0 of the PMT transformation matrix
Using computed cluster center for TAX4 Mirror 25
center used = (673.527,447.243)
Setting transformation parameters to those in the matrix

star[1] = 25 2018/09/21 03:28:21 30 -1.7102 4.4893
star[2] = 25 2018/09/21 03:28:21 30 3.6937 11.8156
star[3] = 25 2018/09/21 03:28:21 30 7.3757 -5.4588
Converted time to UTC


Looking for stars: ./ta_stars 0 25 2018 9 21 9 28 35.999980 19.10 840.00 | sort -k 6 -g
star[1].istar = 2
star[2].istar = 1
star[3].istar = 3
Extracted image metadata from ./Mirror_Survey_Photos/Active/m25_trial_1/img_0075.jpg

TAX4 Mirror 25 Found
Reading measurement file ./Mirror_Survey_Photos/Active/m25_trial_1/img_0075.jaz.csv

Found s0_m25_t1_p1.csv
Site Number 0 Found
Mirror Number 25 Found
Trial 1 Found
Using row 0 of the PMT transformation matrix
Using computed cluster center for TAX4 Mirror 25
center used = (673.527,447.243)
Setting transformation parameters to those in the matrix

star[1] = 25 2018/09/21 03:30:21 30 -2.1115 4.7638
star[2] = 25 2018/09/21 03:30:21 30 3.3621 12.0805
star[3] = 25 2018/09/21 03:30:21 30 6.8949 -5.2582
star[4] = 25 2018/09/21 03:30:21 30 13.6999 -1.8680
Converted time to UTC


Looking for stars: ./ta_stars 0 25 2018 9 21 9 30 36.000010 19.10 840.00 | sort -k 6 -g
star[1].istar = 2
star[2].istar = 1
star[3].istar = 3
star[5].istar = 4
Extracted image metadata from ./Mirror_Survey_Photos/Active/m25_trial_1/img_0076.jpg

TAX4 Mirror 25 Found
Reading measurement file ./Mirror_Survey_Photos/Active/m25_trial_1/img_0076.jaz.csv

Found s0_m25_t1_p1.csv
Site Number 0 Found
Mirror Number 25 Found
Trial 1 Found
Using row 0 of the PMT transformation matrix
Using computed cluster center for TAX4 Mirror 25
center used = (673.527,447.243)
Setting transformation parameters to those in the matrix

star[1] = 25 2018/09/21 03:32:21 30 -2.5191 5.0350
star[2] = 25 2018/09/21 03:32:21 30 3.0642 12.3228
star[3] = 25 2018/09/21 03:32:21 30 6.3927 -5.0385
star[4] = 25 2018/09/21 03:32:21 30 13.4125 -1.7136
Converted time to UTC


Looking for stars: ./ta_stars 0 25 2018 9 21 9 32 36.000010 19.10 840.00 | sort -k 6 -g
star[1].istar = 2
star[2].istar = 1
star[3].istar = 3
star[5].istar = 4
Extracted image metadata from ./Mirror_Survey_Photos/Active/m25_trial_1/img_0077.jpg

TAX4 Mirror 25 Found
Reading measurement file ./Mirror_Survey_Photos/Active/m25_trial_1/img_0077.jaz.csv

Found s0_m25_t1_p1.csv
Site Number 0 Found
Mirror Number 25 Found
Trial 1 Found
Using row 0 of the PMT transformation matrix
Using computed cluster center for TAX4 Mirror 25
center used = (673.527,447.243)
Setting transformation parameters to those in the matrix

star[1] = 25 2018/09/21 03:34:21 30 -2.9376 5.2804
star[2] = 25 2018/09/21 03:34:21 30 2.6840 12.4142
star[3] = 25 2018/09/21 03:34:21 30 5.9183 -4.8699
star[4] = 25 2018/09/21 03:34:21 30 13.0027 -1.6381
Converted time to UTC


Looking for stars: ./ta_stars 0 25 2018 9 21 9 34 36.000000 19.10 840.00 | sort -k 6 -g
star[1].istar = 2
star[2].istar = 1
star[3].istar = 3
star[5].istar = 4
Extracted image metadata from ./Mirror_Survey_Photos/Active/m25_trial_1/img_0078.jpg

TAX4 Mirror 25 Found
Reading measurement file ./Mirror_Survey_Photos/Active/m25_trial_1/img_0078.jaz.csv

Found s0_m25_t1_p1.csv
Site Number 0 Found
Mirror Number 25 Found
Trial 1 Found
Using row 0 of the PMT transformation matrix
Using computed cluster center for TAX4 Mirror 25
center used = (673.527,447.243)
Setting transformation parameters to those in the matrix

star[1] = 25 2018/09/21 03:36:21 30 -3.3060 5.5622
star[2] = 25 2018/09/21 03:36:21 30 2.3710 12.4254
star[3] = 25 2018/09/21 03:36:21 30 5.4628 -4.6231
star[4] = 25 2018/09/21 03:36:21 30 12.5845 -1.3631
Converted time to UTC


Looking for stars: ./ta_stars 0 25 2018 9 21 9 36 35.999990 19.10 840.00 | sort -k 6 -g
star[1].istar = 2
star[2].istar = 1
star[3].istar = 3
star[5].istar = 4
Extracted image metadata from ./Mirror_Survey_Photos/Active/m25_trial_1/img_0079.jpg

TAX4 Mirror 25 Found
Reading measurement file ./Mirror_Survey_Photos/Active/m25_trial_1/img_0079.jaz.csv

Found s0_m25_t1_p1.csv
Site Number 0 Found
Mirror Number 25 Found
Trial 1 Found
Using row 0 of the PMT transformation matrix
Using computed cluster center for TAX4 Mirror 25
center used = (673.527,447.243)
Setting transformation parameters to those in the matrix

star[1] = 25 2018/09/21 03:38:21 30 -3.6703 5.8374
star[2] = 25 2018/09/21 03:38:21 30 5.0571 -4.4572
star[3] = 25 2018/09/21 03:38:21 30 12.2068 -1.2473
Converted time to UTC


Looking for stars: ./ta_stars 0 25 2018 9 21 9 38 35.999990 19.10 840.00 | sort -k 6 -g
star[2].istar = 1
star[3].istar = 2
star[5].istar = 3
Extracted image metadata from ./Mirror_Survey_Photos/Active/m25_trial_1/img_0080.jpg

TAX4 Mirror 25 Found
Reading measurement file ./Mirror_Survey_Photos/Active/m25_trial_1/img_0080.jaz.csv

Found s0_m25_t1_p1.csv
Site Number 0 Found
Mirror Number 25 Found
Trial 1 Found
Using row 0 of the PMT transformation matrix
Using computed cluster center for TAX4 Mirror 25
center used = (673.527,447.243)
Setting transformation parameters to those in the matrix

star[1] = 25 2018/09/21 03:40:21 30 -4.0801 6.1254
star[2] = 25 2018/09/21 03:40:21 30 4.6120 -4.2342
star[3] = 25 2018/09/21 03:40:21 30 11.6949 -1.1409
Converted time to UTC


Looking for stars: ./ta_stars 0 25 2018 9 21 9 40 35.999980 19.10 840.00 | sort -k 6 -g
star[2].istar = 1
star[3].istar = 2
star[5].istar = 3
Extracted image metadata from ./Mirror_Survey_Photos/Active/m25_trial_1/img_0081.jpg

TAX4 Mirror 25 Found
Reading measurement file ./Mirror_Survey_Photos/Active/m25_trial_1/img_0081.jaz.csv

Found s0_m25_t1_p1.csv
Site Number 0 Found
Mirror Number 25 Found
Trial 1 Found
Using row 0 of the PMT transformation matrix
Using computed cluster center for TAX4 Mirror 25
center used = (673.527,447.243)
Setting transformation parameters to those in the matrix

star[1] = 25 2018/09/21 03:42:21 30 -4.4252 6.4139
star[2] = 25 2018/09/21 03:42:21 30 4.0781 -4.0680
star[3] = 25 2018/09/21 03:42:21 30 11.2095 -0.9207
Converted time to UTC


Looking for stars: ./ta_stars 0 25 2018 9 21 9 42 36.000010 19.10 840.00 | sort -k 6 -g
star[2].istar = 1
star[3].istar = 2
star[5].istar = 3
Extracted image metadata from ./Mirror_Survey_Photos/Active/m25_trial_1/img_0082.jpg

TAX4 Mirror 25 Found
Reading measurement file ./Mirror_Survey_Photos/Active/m25_trial_1/img_0082.jaz.csv

Found s0_m25_t1_p1.csv
Site Number 0 Found
Mirror Number 25 Found
Trial 1 Found
Using row 0 of the PMT transformation matrix
Using computed cluster center for TAX4 Mirror 25
center used = (673.527,447.243)
Setting transformation parameters to those in the matrix

star[1] = 25 2018/09/21 03:44:21 30 -4.8370 6.6952
star[2] = 25 2018/09/21 03:44:21 30 3.6619 -3.7990
star[3] = 25 2018/09/21 03:44:21 30 10.8262 -0.7521
Converted time to UTC


Looking for stars: ./ta_stars 0 25 2018 9 21 9 44 36.000000 19.09 840.00 | sort -k 6 -g
star[2].istar = 1
star[3].istar = 2
star[5].istar = 3
Extracted image metadata from ./Mirror_Survey_Photos/Active/m25_trial_1/img_0083.jpg

TAX4 Mirror 25 Found
Reading measurement file ./Mirror_Survey_Photos/Active/m25_trial_1/img_0083.jaz.csv

Found s0_m25_t1_p1.csv
Site Number 0 Found
Mirror Number 25 Found
Trial 1 Found
Using row 0 of the PMT transformation matrix
Using computed cluster center for TAX4 Mirror 25
center used = (673.527,447.243)
Setting transformation parameters to those in the matrix

star[1] = 25 2018/09/21 03:49:50 30 -5.8228 7.4648
star[2] = 25 2018/09/21 03:49:50 30 2.3933 -3.1606
star[3] = 25 2018/09/21 03:49:50 30 9.5990 -0.2905
Converted time to UTC


Looking for stars: ./ta_stars 0 25 2018 9 21 9 50 4.999990 19.09 840.00 | sort -k 6 -g
star[2].istar = 1
star[3].istar = 2
star[4].istar = 3
Extracted image metadata from ./Mirror_Survey_Photos/Active/m25_trial_1/img_0084.jpg

TAX4 Mirror 25 Found
Reading measurement file ./Mirror_Survey_Photos/Active/m25_trial_1/img_0084.jaz.csv

Found s0_m25_t1_p1.csv
Site Number 0 Found
Mirror Number 25 Found
Trial 1 Found
Using row 0 of the PMT transformation matrix
Using computed cluster center for TAX4 Mirror 25
center used = (673.527,447.243)
Setting transformation parameters to those in the matrix

star[1] = 25 2018/09/21 03:51:50 30 -6.1805 7.7501
star[2] = 25 2018/09/21 03:51:50 30 1.9426 -2.9550
star[3] = 25 2018/09/21 03:51:50 30 9.1308 -0.0932
Converted time to UTC


Looking for stars: ./ta_stars 0 25 2018 9 21 9 52 4.999980 19.09 840.00 | sort -k 6 -g
star[2].istar = 1
star[3].istar = 2
star[4].istar = 3
Extracted image metadata from ./Mirror_Survey_Photos/Active/m25_trial_1/img_0085.jpg

TAX4 Mirror 25 Found
Reading measurement file ./Mirror_Survey_Photos/Active/m25_trial_1/img_0085.jaz.csv

Found s0_m25_t1_p1.csv
Site Number 0 Found
Mirror Number 25 Found
Trial 1 Found
Using row 0 of the PMT transformation matrix
Using computed cluster center for TAX4 Mirror 25
center used = (673.527,447.243)
Setting transformation parameters to those in the matrix

star[1] = 25 2018/09/21 03:53:50 30 -6.6181 7.9940
star[2] = 25 2018/09/21 03:53:50 30 1.4843 -2.7424
star[3] = 25 2018/09/21 03:53:50 30 8.6353 0.0614
Converted time to UTC


Looking for stars: ./ta_stars 0 25 2018 9 21 9 54 4.999980 19.09 840.00 | sort -k 6 -g
star[2].istar = 1
star[3].istar = 2
star[4].istar = 3
Extracted image metadata from ./Mirror_Survey_Photos/Active/m25_trial_1/img_0086.jpg

TAX4 Mirror 25 Found
Reading measurement file ./Mirror_Survey_Photos/Active/m25_trial_1/img_0086.jaz.csv

Found s0_m25_t1_p1.csv
Site Number 0 Found
Mirror Number 25 Found
Trial 1 Found
Using row 0 of the PMT transformation matrix
Using computed cluster center for TAX4 Mirror 25
center used = (673.527,447.243)
Setting transformation parameters to those in the matrix

star[1] = 25 2018/09/21 03:55:50 30 -6.9357 8.3087
star[2] = 25 2018/09/21 03:55:50 30 1.0434 -2.4744
star[3] = 25 2018/09/21 03:55:50 30 8.2922 0.2539
Converted time to UTC


Looking for stars: ./ta_stars 0 25 2018 9 21 9 56 5.000010 19.09 840.00 | sort -k 6 -g
star[1].istar = 1
star[2].istar = 2
star[3].istar = 3
Extracted image metadata from ./Mirror_Survey_Photos/Active/m25_trial_1/img_0087.jpg

TAX4 Mirror 25 Found
Reading measurement file ./Mirror_Survey_Photos/Active/m25_trial_1/img_0087.jaz.csv

Found s0_m25_t1_p1.csv
Site Number 0 Found
Mirror Number 25 Found
Trial 1 Found
Using row 0 of the PMT transformation matrix
Using computed cluster center for TAX4 Mirror 25
center used = (673.527,447.243)
Setting transformation parameters to those in the matrix

star[1] = 25 2018/09/21 03:57:50 30 -7.3094 8.6441
star[2] = 25 2018/09/21 03:57:50 30 0.6054 -2.2762
star[3] = 25 2018/09/21 03:57:50 30 7.8677 0.4550
Converted time to UTC


Looking for stars: ./ta_stars 0 25 2018 9 21 9 58 5.000000 19.09 840.00 | sort -k 6 -g
star[1].istar = 1
star[2].istar = 2
star[3].istar = 3
Extracted image metadata from ./Mirror_Survey_Photos/Active/m25_trial_1/img_0088.jpg

TAX4 Mirror 25 Found
Reading measurement file ./Mirror_Survey_Photos/Active/m25_trial_1/img_0088.jaz.csv

Found s0_m25_t1_p1.csv
Site Number 0 Found
Mirror Number 25 Found
Trial 1 Found
Using row 0 of the PMT transformation matrix
Using computed cluster center for TAX4 Mirror 25
center used = (673.527,447.243)
Setting transformation parameters to those in the matrix

star[1] = 25 2018/09/21 03:59:51 30 -7.6634 8.9352
star[2] = 25 2018/09/21 03:59:51 30 0.1228 -1.9904
star[3] = 25 2018/09/21 03:59:51 30 7.4222 0.6480
Converted time to UTC


Looking for stars: ./ta_stars 0 25 2018 9 21 10 0 5.999990 19.09 840.00 | sort -k 6 -g
star[1].istar = 1
star[2].istar = 2
star[3].istar = 3
Extracted image metadata from ./Mirror_Survey_Photos/Active/m25_trial_1/img_0089.jpg

TAX4 Mirror 25 Found
Reading measurement file ./Mirror_Survey_Photos/Active/m25_trial_1/img_0089.jaz.csv

Found s0_m25_t1_p1.csv
Site Number 0 Found
Mirror Number 25 Found
Trial 1 Found
Using row 0 of the PMT transformation matrix
Using computed cluster center for TAX4 Mirror 25
center used = (673.527,447.243)
Setting transformation parameters to those in the matrix

star[1] = 25 2018/09/21 04:01:51 30 -8.0310 9.2300
star[2] = 25 2018/09/21 04:01:51 30 -0.3140 -1.7259
star[3] = 25 2018/09/21 04:01:51 30 7.0373 0.8783
Converted time to UTC


Looking for stars: ./ta_stars 0 25 2018 9 21 10 2 5.999980 19.09 840.00 | sort -k 6 -g
star[2].istar = 1
star[3].istar = 2
star[4].istar = 3
Extracted image metadata from ./Mirror_Survey_Photos/Active/m25_trial_1/img_0090.jpg

TAX4 Mirror 25 Found
Reading measurement file ./Mirror_Survey_Photos/Active/m25_trial_1/img_0090.jaz.csv

Found s0_m25_t1_p1.csv
Site Number 0 Found
Mirror Number 25 Found
Trial 1 Found
Using row 0 of the PMT transformation matrix
Using computed cluster center for TAX4 Mirror 25
center used = (673.527,447.243)
Setting transformation parameters to those in the matrix

star[1] = 25 2018/09/21 04:03:51 30 -8.4026 9.5869
star[2] = 25 2018/09/21 04:03:51 30 -0.7599 -1.4917
star[3] = 25 2018/09/21 04:03:51 30 6.6188 1.0843
star[4] = 25 2018/09/21 04:03:51 30 13.9482 -4.0151
Converted time to UTC


Looking for stars: ./ta_stars 0 25 2018 9 21 10 4 5.999970 19.09 840.00 | sort -k 6 -g
star[1].istar = 4
star[2].istar = 1
star[3].istar = 2
star[4].istar = 3
Extracted image metadata from ./Mirror_Survey_Photos/Active/m25_trial_1/img_0091.jpg

TAX4 Mirror 25 Found
Reading measurement file ./Mirror_Survey_Photos/Active/m25_trial_1/img_0091.jaz.csv

Found s0_m25_t1_p1.csv
Site Number 0 Found
Mirror Number 25 Found
Trial 1 Found
Using row 0 of the PMT transformation matrix
Using computed cluster center for TAX4 Mirror 25
center used = (673.527,447.243)
Setting transformation parameters to those in the matrix

star[1] = 25 2018/09/21 04:05:51 30 -8.7033 9.8178
star[2] = 25 2018/09/21 04:05:51 30 -1.1613 -1.2673
star[3] = 25 2018/09/21 04:05:51 30 6.1446 1.2597
star[4] = 25 2018/09/21 04:05:51 30 13.5979 -3.8487
Converted time to UTC


Looking for stars: ./ta_stars 0 25 2018 9 21 10 6 6.000010 19.09 840.00 | sort -k 6 -g
star[1].istar = 4
star[2].istar = 1
star[3].istar = 2
star[4].istar = 3
Extracted image metadata from ./Mirror_Survey_Photos/Active/m25_trial_1/img_0092.jpg

TAX4 Mirror 25 Found
Reading measurement file ./Mirror_Survey_Photos/Active/m25_trial_1/img_0092.jaz.csv

Found s0_m25_t1_p1.csv
Site Number 0 Found
Mirror Number 25 Found
Trial 1 Found
Using row 0 of the PMT transformation matrix
Using computed cluster center for TAX4 Mirror 25
center used = (673.527,447.243)
Setting transformation parameters to those in the matrix

star[1] = 25 2018/09/21 04:07:51 30 -9.0267 10.1629
star[2] = 25 2018/09/21 04:07:51 30 -1.6385 -1.0290
star[3] = 25 2018/09/21 04:07:51 30 5.7193 1.4760
star[4] = 25 2018/09/21 04:07:51 30 13.2889 -3.6891
Converted time to UTC


Looking for stars: ./ta_stars 0 25 2018 9 21 10 8 6.000000 19.09 840.00 | sort -k 6 -g
star[1].istar = 4
star[2].istar = 1
star[3].istar = 2
star[4].istar = 3
Extracted image metadata from ./Mirror_Survey_Photos/Active/m25_trial_1/img_0093.jpg

TAX4 Mirror 25 Found
Reading measurement file ./Mirror_Survey_Photos/Active/m25_trial_1/img_0093.jaz.csv

Found s0_m25_t1_p1.csv
Site Number 0 Found
Mirror Number 25 Found
Trial 1 Found
Using row 0 of the PMT transformation matrix
Using computed cluster center for TAX4 Mirror 25
center used = (673.527,447.243)
Setting transformation parameters to those in the matrix

Converted time to UTC


Looking for stars: ./ta_stars 0 25 2018 9 21 10 10 32.000010 19.09 840.00 | sort -k 6 -g
Extracted image metadata from ./Mirror_Survey_Photos/Active/m25_trial_1/img_0094.jpg

TAX4 Mirror 25 Found
Reading measurement file ./Mirror_Survey_Photos/Active/m25_trial_1/img_0094.jaz.csv

Found s0_m25_t1_p1.csv
Site Number 0 Found
Mirror Number 25 Found
Trial 1 Found
Using row 0 of the PMT transformation matrix
Using computed cluster center for TAX4 Mirror 25
center used = (673.527,447.243)
Setting transformation parameters to those in the matrix

Converted time to UTC


Looking for stars: ./ta_stars 0 25 2018 9 21 10 11 30.999980 19.09 840.00 | sort -k 6 -g
