path: ./Mirror_Survey_Photos/Active/
Found s0_m25_t1_p1.csv
Found s0_m26_t1_p1.csv
Found s0_m26_t1_p2.csv
Found s0_m27_t1_p1.csv
Found s0_m27_t1_p1.csv
Found s0_m27_t1_p1.csv
Found s0_m27_t1_p1.csv
Found s0_m28_t2_p1.csv
Found s0_m28_t2_p2.csv
command: find ./Mirror_Survey_Photos/Active/ -type f -name "img_????.???.csv"
path: ./Mirror_Survey_Photos/Active/m25_trial_1
root: img_0052
command: find ./Mirror_Survey_Photos/Active/m25_trial_1 -type f -name "s?_m??_t?_p?.csv"
mv ./Mirror_Survey_Photos/Active/m25_trial_1/img_0052.jaz.csv ./Mirror_Survey_Photos/Active/m25_trial_1/img_0052.jaz.csv.passed
path: ./Mirror_Survey_Photos/Active/m25_trial_1
root: img_0053
command: find ./Mirror_Survey_Photos/Active/m25_trial_1 -type f -name "s?_m??_t?_p?.csv"
mv ./Mirror_Survey_Photos/Active/m25_trial_1/img_0053.jaz.csv ./Mirror_Survey_Photos/Active/m25_trial_1/img_0053.jaz.csv.passed
path: ./Mirror_Survey_Photos/Active/m25_trial_1
root: img_0054
command: find ./Mirror_Survey_Photos/Active/m25_trial_1 -type f -name "s?_m??_t?_p?.csv"
mv ./Mirror_Survey_Photos/Active/m25_trial_1/img_0054.jaz.csv ./Mirror_Survey_Photos/Active/m25_trial_1/img_0054.jaz.csv.passed
path: ./Mirror_Survey_Photos/Active/m25_trial_1
root: img_0055
command: find ./Mirror_Survey_Photos/Active/m25_trial_1 -type f -name "s?_m??_t?_p?.csv"
mv ./Mirror_Survey_Photos/Active/m25_trial_1/img_0055.jaz.csv ./Mirror_Survey_Photos/Active/m25_trial_1/img_0055.jaz.csv.passed
path: ./Mirror_Survey_Photos/Active/m25_trial_1
root: img_0056
command: find ./Mirror_Survey_Photos/Active/m25_trial_1 -type f -name "s?_m??_t?_p?.csv"
mv ./Mirror_Survey_Photos/Active/m25_trial_1/img_0056.jaz.csv ./Mirror_Survey_Photos/Active/m25_trial_1/img_0056.jaz.csv.passed
path: ./Mirror_Survey_Photos/Active/m25_trial_1
root: img_0057
command: find ./Mirror_Survey_Photos/Active/m25_trial_1 -type f -name "s?_m??_t?_p?.csv"
mv ./Mirror_Survey_Photos/Active/m25_trial_1/img_0057.jaz.csv ./Mirror_Survey_Photos/Active/m25_trial_1/img_0057.jaz.csv.passed
path: ./Mirror_Survey_Photos/Active/m25_trial_1
root: img_0058
command: find ./Mirror_Survey_Photos/Active/m25_trial_1 -type f -name "s?_m??_t?_p?.csv"
mv ./Mirror_Survey_Photos/Active/m25_trial_1/img_0058.jaz.csv ./Mirror_Survey_Photos/Active/m25_trial_1/img_0058.jaz.csv.passed
path: ./Mirror_Survey_Photos/Active/m25_trial_1
root: img_0059
command: find ./Mirror_Survey_Photos/Active/m25_trial_1 -type f -name "s?_m??_t?_p?.csv"
mv ./Mirror_Survey_Photos/Active/m25_trial_1/img_0059.jaz.csv ./Mirror_Survey_Photos/Active/m25_trial_1/img_0059.jaz.csv.passed
path: ./Mirror_Survey_Photos/Active/m25_trial_1
root: img_0060
command: find ./Mirror_Survey_Photos/Active/m25_trial_1 -type f -name "s?_m??_t?_p?.csv"
mv ./Mirror_Survey_Photos/Active/m25_trial_1/img_0060.jaz.csv ./Mirror_Survey_Photos/Active/m25_trial_1/img_0060.jaz.csv.passed
path: ./Mirror_Survey_Photos/Active/m25_trial_1
root: img_0061
command: find ./Mirror_Survey_Photos/Active/m25_trial_1 -type f -name "s?_m??_t?_p?.csv"
mv ./Mirror_Survey_Photos/Active/m25_trial_1/img_0061.jaz.csv ./Mirror_Survey_Photos/Active/m25_trial_1/img_0061.jaz.csv.passed
path: ./Mirror_Survey_Photos/Active/m25_trial_1
root: img_0062
command: find ./Mirror_Survey_Photos/Active/m25_trial_1 -type f -name "s?_m??_t?_p?.csv"
mv ./Mirror_Survey_Photos/Active/m25_trial_1/img_0062.jaz.csv ./Mirror_Survey_Photos/Active/m25_trial_1/img_0062.jaz.csv.passed
path: ./Mirror_Survey_Photos/Active/m25_trial_1
root: img_0063
command: find ./Mirror_Survey_Photos/Active/m25_trial_1 -type f -name "s?_m??_t?_p?.csv"
mv ./Mirror_Survey_Photos/Active/m25_trial_1/img_0063.jaz.csv ./Mirror_Survey_Photos/Active/m25_trial_1/img_0063.jaz.csv.passed
path: ./Mirror_Survey_Photos/Active/m25_trial_1
root: img_0064
command: find ./Mirror_Survey_Photos/Active/m25_trial_1 -type f -name "s?_m??_t?_p?.csv"
mv ./Mirror_Survey_Photos/Active/m25_trial_1/img_0064.jaz.csv ./Mirror_Survey_Photos/Active/m25_trial_1/img_0064.jaz.csv.passed
path: ./Mirror_Survey_Photos/Active/m25_trial_1
root: img_0065
command: find ./Mirror_Survey_Photos/Active/m25_trial_1 -type f -name "s?_m??_t?_p?.csv"
mv ./Mirror_Survey_Photos/Active/m25_trial_1/img_0065.jaz.csv ./Mirror_Survey_Photos/Active/m25_trial_1/img_0065.jaz.csv.passed
path: ./Mirror_Survey_Photos/Active/m25_trial_1
root: img_0066
command: find ./Mirror_Survey_Photos/Active/m25_trial_1 -type f -name "s?_m??_t?_p?.csv"
mv ./Mirror_Survey_Photos/Active/m25_trial_1/img_0066.jaz.csv ./Mirror_Survey_Photos/Active/m25_trial_1/img_0066.jaz.csv.passed
path: ./Mirror_Survey_Photos/Active/m25_trial_1
root: img_0067
command: find ./Mirror_Survey_Photos/Active/m25_trial_1 -type f -name "s?_m??_t?_p?.csv"
mv ./Mirror_Survey_Photos/Active/m25_trial_1/img_0067.jaz.csv ./Mirror_Survey_Photos/Active/m25_trial_1/img_0067.jaz.csv.passed
path: ./Mirror_Survey_Photos/Active/m25_trial_1
root: img_0068
command: find ./Mirror_Survey_Photos/Active/m25_trial_1 -type f -name "s?_m??_t?_p?.csv"
mv ./Mirror_Survey_Photos/Active/m25_trial_1/img_0068.jaz.csv ./Mirror_Survey_Photos/Active/m25_trial_1/img_0068.jaz.csv.passed
path: ./Mirror_Survey_Photos/Active/m25_trial_1
root: img_0069
command: find ./Mirror_Survey_Photos/Active/m25_trial_1 -type f -name "s?_m??_t?_p?.csv"
mv ./Mirror_Survey_Photos/Active/m25_trial_1/img_0069.jaz.csv ./Mirror_Survey_Photos/Active/m25_trial_1/img_0069.jaz.csv.passed
path: ./Mirror_Survey_Photos/Active/m25_trial_1
root: img_0070
command: find ./Mirror_Survey_Photos/Active/m25_trial_1 -type f -name "s?_m??_t?_p?.csv"
mv ./Mirror_Survey_Photos/Active/m25_trial_1/img_0070.jaz.csv ./Mirror_Survey_Photos/Active/m25_trial_1/img_0070.jaz.csv.passed
path: ./Mirror_Survey_Photos/Active/m25_trial_1
root: img_0071
command: find ./Mirror_Survey_Photos/Active/m25_trial_1 -type f -name "s?_m??_t?_p?.csv"
mv ./Mirror_Survey_Photos/Active/m25_trial_1/img_0071.jaz.csv ./Mirror_Survey_Photos/Active/m25_trial_1/img_0071.jaz.csv.passed
path: ./Mirror_Survey_Photos/Active/m25_trial_1
root: img_0072
command: find ./Mirror_Survey_Photos/Active/m25_trial_1 -type f -name "s?_m??_t?_p?.csv"
mv ./Mirror_Survey_Photos/Active/m25_trial_1/img_0072.jaz.csv ./Mirror_Survey_Photos/Active/m25_trial_1/img_0072.jaz.csv.passed
path: ./Mirror_Survey_Photos/Active/m25_trial_1
root: img_0073
command: find ./Mirror_Survey_Photos/Active/m25_trial_1 -type f -name "s?_m??_t?_p?.csv"
mv ./Mirror_Survey_Photos/Active/m25_trial_1/img_0073.jaz.csv ./Mirror_Survey_Photos/Active/m25_trial_1/img_0073.jaz.csv.passed
path: ./Mirror_Survey_Photos/Active/m25_trial_1
root: img_0074
command: find ./Mirror_Survey_Photos/Active/m25_trial_1 -type f -name "s?_m??_t?_p?.csv"
mv ./Mirror_Survey_Photos/Active/m25_trial_1/img_0074.jaz.csv ./Mirror_Survey_Photos/Active/m25_trial_1/img_0074.jaz.csv.passed
path: ./Mirror_Survey_Photos/Active/m25_trial_1
root: img_0075
command: find ./Mirror_Survey_Photos/Active/m25_trial_1 -type f -name "s?_m??_t?_p?.csv"
mv ./Mirror_Survey_Photos/Active/m25_trial_1/img_0075.jaz.csv ./Mirror_Survey_Photos/Active/m25_trial_1/img_0075.jaz.csv.passed
path: ./Mirror_Survey_Photos/Active/m25_trial_1
root: img_0076
command: find ./Mirror_Survey_Photos/Active/m25_trial_1 -type f -name "s?_m??_t?_p?.csv"
mv ./Mirror_Survey_Photos/Active/m25_trial_1/img_0076.jaz.csv ./Mirror_Survey_Photos/Active/m25_trial_1/img_0076.jaz.csv.passed
path: ./Mirror_Survey_Photos/Active/m25_trial_1
root: img_0077
command: find ./Mirror_Survey_Photos/Active/m25_trial_1 -type f -name "s?_m??_t?_p?.csv"
mv ./Mirror_Survey_Photos/Active/m25_trial_1/img_0077.jaz.csv ./Mirror_Survey_Photos/Active/m25_trial_1/img_0077.jaz.csv.passed
path: ./Mirror_Survey_Photos/Active/m25_trial_1
root: img_0078
command: find ./Mirror_Survey_Photos/Active/m25_trial_1 -type f -name "s?_m??_t?_p?.csv"
mv ./Mirror_Survey_Photos/Active/m25_trial_1/img_0078.jaz.csv ./Mirror_Survey_Photos/Active/m25_trial_1/img_0078.jaz.csv.passed
path: ./Mirror_Survey_Photos/Active/m25_trial_1
root: img_0079
command: find ./Mirror_Survey_Photos/Active/m25_trial_1 -type f -name "s?_m??_t?_p?.csv"
mv ./Mirror_Survey_Photos/Active/m25_trial_1/img_0079.jaz.csv ./Mirror_Survey_Photos/Active/m25_trial_1/img_0079.jaz.csv.passed
path: ./Mirror_Survey_Photos/Active/m25_trial_1
root: img_0080
command: find ./Mirror_Survey_Photos/Active/m25_trial_1 -type f -name "s?_m??_t?_p?.csv"
mv ./Mirror_Survey_Photos/Active/m25_trial_1/img_0080.jaz.csv ./Mirror_Survey_Photos/Active/m25_trial_1/img_0080.jaz.csv.passed
path: ./Mirror_Survey_Photos/Active/m25_trial_1
root: img_0081
command: find ./Mirror_Survey_Photos/Active/m25_trial_1 -type f -name "s?_m??_t?_p?.csv"
mv ./Mirror_Survey_Photos/Active/m25_trial_1/img_0081.jaz.csv ./Mirror_Survey_Photos/Active/m25_trial_1/img_0081.jaz.csv.passed
path: ./Mirror_Survey_Photos/Active/m25_trial_1
root: img_0082
command: find ./Mirror_Survey_Photos/Active/m25_trial_1 -type f -name "s?_m??_t?_p?.csv"
mv ./Mirror_Survey_Photos/Active/m25_trial_1/img_0082.jaz.csv ./Mirror_Survey_Photos/Active/m25_trial_1/img_0082.jaz.csv.passed
path: ./Mirror_Survey_Photos/Active/m25_trial_1
root: img_0083
command: find ./Mirror_Survey_Photos/Active/m25_trial_1 -type f -name "s?_m??_t?_p?.csv"
mv ./Mirror_Survey_Photos/Active/m25_trial_1/img_0083.jaz.csv ./Mirror_Survey_Photos/Active/m25_trial_1/img_0083.jaz.csv.passed
path: ./Mirror_Survey_Photos/Active/m25_trial_1
root: img_0084
command: find ./Mirror_Survey_Photos/Active/m25_trial_1 -type f -name "s?_m??_t?_p?.csv"
mv ./Mirror_Survey_Photos/Active/m25_trial_1/img_0084.jaz.csv ./Mirror_Survey_Photos/Active/m25_trial_1/img_0084.jaz.csv.passed
path: ./Mirror_Survey_Photos/Active/m25_trial_1
root: img_0085
command: find ./Mirror_Survey_Photos/Active/m25_trial_1 -type f -name "s?_m??_t?_p?.csv"
mv ./Mirror_Survey_Photos/Active/m25_trial_1/img_0085.jaz.csv ./Mirror_Survey_Photos/Active/m25_trial_1/img_0085.jaz.csv.passed
path: ./Mirror_Survey_Photos/Active/m25_trial_1
root: img_0086
command: find ./Mirror_Survey_Photos/Active/m25_trial_1 -type f -name "s?_m??_t?_p?.csv"
mv ./Mirror_Survey_Photos/Active/m25_trial_1/img_0086.jaz.csv ./Mirror_Survey_Photos/Active/m25_trial_1/img_0086.jaz.csv.passed
path: ./Mirror_Survey_Photos/Active/m25_trial_1
root: img_0087
command: find ./Mirror_Survey_Photos/Active/m25_trial_1 -type f -name "s?_m??_t?_p?.csv"
mv ./Mirror_Survey_Photos/Active/m25_trial_1/img_0087.jaz.csv ./Mirror_Survey_Photos/Active/m25_trial_1/img_0087.jaz.csv.passed
path: ./Mirror_Survey_Photos/Active/m25_trial_1
root: img_0088
command: find ./Mirror_Survey_Photos/Active/m25_trial_1 -type f -name "s?_m??_t?_p?.csv"
mv ./Mirror_Survey_Photos/Active/m25_trial_1/img_0088.jaz.csv ./Mirror_Survey_Photos/Active/m25_trial_1/img_0088.jaz.csv.passed
path: ./Mirror_Survey_Photos/Active/m25_trial_1
root: img_0089
command: find ./Mirror_Survey_Photos/Active/m25_trial_1 -type f -name "s?_m??_t?_p?.csv"
mv ./Mirror_Survey_Photos/Active/m25_trial_1/img_0089.jaz.csv ./Mirror_Survey_Photos/Active/m25_trial_1/img_0089.jaz.csv.passed
path: ./Mirror_Survey_Photos/Active/m25_trial_1
root: img_0090
command: find ./Mirror_Survey_Photos/Active/m25_trial_1 -type f -name "s?_m??_t?_p?.csv"
mv ./Mirror_Survey_Photos/Active/m25_trial_1/img_0090.jaz.csv ./Mirror_Survey_Photos/Active/m25_trial_1/img_0090.jaz.csv.passed
path: ./Mirror_Survey_Photos/Active/m25_trial_1
root: img_0091
command: find ./Mirror_Survey_Photos/Active/m25_trial_1 -type f -name "s?_m??_t?_p?.csv"
mv ./Mirror_Survey_Photos/Active/m25_trial_1/img_0091.jaz.csv ./Mirror_Survey_Photos/Active/m25_trial_1/img_0091.jaz.csv.passed
path: ./Mirror_Survey_Photos/Active/m25_trial_1
root: img_0092
command: find ./Mirror_Survey_Photos/Active/m25_trial_1 -type f -name "s?_m??_t?_p?.csv"
mv ./Mirror_Survey_Photos/Active/m25_trial_1/img_0092.jaz.csv ./Mirror_Survey_Photos/Active/m25_trial_1/img_0092.jaz.csv.passed
path: ./Mirror_Survey_Photos/Active/m25_trial_1
root: img_0093
command: find ./Mirror_Survey_Photos/Active/m25_trial_1 -type f -name "s?_m??_t?_p?.csv"
mv ./Mirror_Survey_Photos/Active/m25_trial_1/img_0093.jaz.csv ./Mirror_Survey_Photos/Active/m25_trial_1/img_0093.jaz.csv.passed
path: ./Mirror_Survey_Photos/Active/m25_trial_1
root: img_0094
command: find ./Mirror_Survey_Photos/Active/m25_trial_1 -type f -name "s?_m??_t?_p?.csv"
mv ./Mirror_Survey_Photos/Active/m25_trial_1/img_0094.jaz.csv ./Mirror_Survey_Photos/Active/m25_trial_1/img_0094.jaz.csv.passed
path: ./Mirror_Survey_Photos/Active/m27_trial_2
File not found: ./Mirror_Survey_Photos/Active/m27_trial_2/img_0035.jpg
ERROR: Failed to extract Create Date from ./Mirror_Survey_Photos/Active/m27_trial_2/img_0035.jpg
path: ./Mirror_Survey_Photos/Active/m27_trial_2_PMT2
File not found: ./Mirror_Survey_Photos/Active/m27_trial_2_PMT2/img_0035.jpg
ERROR: Failed to extract Create Date from ./Mirror_Survey_Photos/Active/m27_trial_2_PMT2/img_0035.jpg
